<?xml version="1.0" encoding="UTF-8"?>
<testsuite name="de.ticketsystem.webtech.TicketsystemApplicationTests" tests="1" skipped="0" failures="0" errors="0" timestamp="2023-10-29T14:57:53" hostname="DESKTOP-D8Q389J" time="14.392">
  <properties/>
  <testcase name="contextLoads()" classname="de.ticketsystem.webtech.TicketsystemApplicationTests" time="14.392"/>
  <system-out><![CDATA[15:57:40.545 [Test worker] INFO org.springframework.test.context.support.AnnotationConfigContextLoaderUtils -- Could not detect default configuration classes for test class [de.ticketsystem.webtech.TicketsystemApplicationTests]: TicketsystemApplicationTests does not declare any static, non-private, non-final, nested classes annotated with @Configuration.
15:57:41.008 [Test worker] INFO org.springframework.boot.test.context.SpringBootTestContextBootstrapper -- Found @SpringBootConfiguration de.ticketsystem.webtech.TicketsystemApplication for test class de.ticketsystem.webtech.TicketsystemApplicationTests

  .   ____          _            __ _ _
 /\\ / ___'_ __ _ _(_)_ __  __ _ \ \ \ \
( ( )\___ | '_ | '_| | '_ \/ _` | \ \ \ \
 \\/  ___)| |_)| | | | | || (_| |  ) ) ) )
  '  |____| .__|_| |_|_| |_\__, | / / / /
 =========|_|==============|___/=/_/_/_/
 :: Spring Boot ::                (v3.1.5)

2023-10-29T15:57:42.947+01:00  INFO 7892 --- [    Test worker] d.t.w.TicketsystemApplicationTests       : Starting TicketsystemApplicationTests using Java 17.0.1 with PID 7892 (started by zeren in C:\Users\zeren\Dokumente\Wirtschaftsinformatik\5Semester\Webtechnologien\ticketsystem\ticketsystem)
2023-10-29T15:57:42.953+01:00  INFO 7892 --- [    Test worker] d.t.w.TicketsystemApplicationTests       : No active profile set, falling back to 1 default profile: "default"
2023-10-29T15:57:45.901+01:00  INFO 7892 --- [    Test worker] .s.d.r.c.RepositoryConfigurationDelegate : Bootstrapping Spring Data JDBC repositories in DEFAULT mode.
2023-10-29T15:57:45.983+01:00  INFO 7892 --- [    Test worker] .s.d.r.c.RepositoryConfigurationDelegate : Finished Spring Data repository scanning in 60 ms. Found 0 JDBC repository interfaces.
2023-10-29T15:57:50.153+01:00  INFO 7892 --- [    Test worker] com.zaxxer.hikari.HikariDataSource       : HikariPool-1 - Starting...
2023-10-29T15:57:51.318+01:00  INFO 7892 --- [    Test worker] com.zaxxer.hikari.pool.HikariPool        : HikariPool-1 - Added connection conn0: url=jdbc:h2:mem:testdb user=SA
2023-10-29T15:57:51.334+01:00  INFO 7892 --- [    Test worker] com.zaxxer.hikari.HikariDataSource       : HikariPool-1 - Start completed.
2023-10-29T15:57:52.415+01:00  INFO 7892 --- [    Test worker] o.s.b.a.h2.H2ConsoleAutoConfiguration    : H2 console available at '/h2-console'. Database available at 'jdbc:h2:mem:testdb'
2023-10-29T15:57:52.920+01:00  INFO 7892 --- [    Test worker] d.t.w.TicketsystemApplicationTests       : Started TicketsystemApplicationTests in 10.912 seconds (process running for 16.851)
]]></system-out>
  <system-err><![CDATA[]]></system-err>
</testsuite>
